#
# There is insufficient memory for the Java Runtime Environment to continue.
# Native memory allocation (malloc) failed to allocate 91226112 bytes for committing reserved memory.
# Possible reasons:
#   The system is out of physical RAM or swap space
#   In 32 bit mode, the process size limit was hit
# Possible solutions:
#   Reduce memory load on the system
#   Increase physical memory or swap space
#   Check if swap backing store is full
#   Use 64 bit Java on a 64 bit OS
#   Decrease Java heap size (-Xmx/-Xms)
#   Decrease number of Java threads
#   Decrease Java thread stack sizes (-Xss)
#   Set larger code cache with -XX:ReservedCodeCacheSize=
# This output file may be truncated or incomplete.
#
#  Out of Memory Error (os_linux.cpp:2756), pid=7495, tid=139711225505536
#
# JRE version: Java(TM) SE Runtime Environment (7.0_80-b15) (build 1.7.0_80-b15)
# Java VM: Java HotSpot(TM) 64-Bit Server VM (24.80-b11 mixed mode linux-amd64 compressed oops)
# Failed to write core dump. Core dumps have been disabled. To enable core dumping, try "ulimit -c unlimited" before starting Java again
#

---------------  T H R E A D  ---------------

Current thread (0x00007f1114065800):  VMThread [stack: 0x00007f110de7a000,0x00007f110df7b000] [id=7502]

Stack: [0x00007f110de7a000,0x00007f110df7b000],  sp=0x00007f110df790c0,  free space=1020k
Native frames: (J=compiled Java code, j=interpreted, Vv=VM code, C=native code)
V  [libjvm.so+0x9a320a]  VMError::report_and_die()+0x2ea
V  [libjvm.so+0x498d3b]  report_vm_out_of_memory(char const*, int, unsigned long, char const*)+0x9b
V  [libjvm.so+0x82191e]  os::Linux::commit_memory_impl(char*, unsigned long, bool)+0xfe
V  [libjvm.so+0x821e69]  os::pd_commit_memory(char*, unsigned long, unsigned long, bool)+0x29
V  [libjvm.so+0x81bb6a]  os::commit_memory(char*, unsigned long, unsigned long, bool)+0x2a
V  [libjvm.so+0x88d623]  PSVirtualSpace::expand_by(unsigned long)+0x53
V  [libjvm.so+0x88e9f8]  PSYoungGen::resize_generation(unsigned long, unsigned long)+0xf8
V  [libjvm.so+0x88db62]  PSYoungGen::resize(unsigned long, unsigned long)+0x22
V  [libjvm.so+0x88af1d]  PSScavenge::invoke_no_policy()+0xf3d
V  [libjvm.so+0x88b761]  PSScavenge::invoke()+0x41
V  [libjvm.so+0x843f40]  ParallelScavengeHeap::failed_mem_allocate(unsigned long)+0x70
V  [libjvm.so+0x9a4a97]  VM_ParallelGCFailedAllocation::doit()+0x97
V  [libjvm.so+0x9abf35]  VM_Operation::evaluate()+0x55
V  [libjvm.so+0x9aa2fa]  VMThread::evaluate_operation(VM_Operation*)+0xba
V  [libjvm.so+0x9aa67e]  VMThread::loop()+0x1ce
V  [libjvm.so+0x9aaaf0]  VMThread::run()+0x70
V  [libjvm.so+0x8238c8]  java_start(Thread*)+0x108

VM_Operation (0x00007f110c929fd0): ParallelGCFailedAllocation, mode: safepoint, requested by thread 0x00007f1114144000


---------------  P R O C E S S  ---------------

Java Threads: ( => current thread )
  0x00007f1114145800 JavaThread "pool-1-thread-4" [_thread_blocked, id=7515, stack(0x00007f110c72a000,0x00007f110c82b000)]
  0x00007f1114144000 JavaThread "pool-1-thread-3" [_thread_blocked, id=7514, stack(0x00007f110c82b000,0x00007f110c92c000)]
  0x00007f1114143000 JavaThread "pool-1-thread-2" [_thread_blocked, id=7513, stack(0x00007f110c92c000,0x00007f110ca2d000)]
  0x00007f1114140800 JavaThread "pool-2-thread-1" [_thread_blocked, id=7512, stack(0x00007f110ca2d000,0x00007f110cb2e000)]
  0x00007f111413e800 JavaThread "pool-1-thread-1" [_thread_blocked, id=7511, stack(0x00007f110cb2e000,0x00007f110cc2f000)]
  0x00007f1114094800 JavaThread "Service Thread" daemon [_thread_blocked, id=7508, stack(0x00007f110d192000,0x00007f110d293000)]
  0x00007f1114092000 JavaThread "C2 CompilerThread1" daemon [_thread_blocked, id=7507, stack(0x00007f110d293000,0x00007f110d394000)]
  0x00007f111408f000 JavaThread "C2 CompilerThread0" daemon [_thread_in_native, id=7506, stack(0x00007f110d394000,0x00007f110d495000)]
  0x00007f111408d000 JavaThread "Signal Dispatcher" daemon [_thread_blocked, id=7505, stack(0x00007f110d495000,0x00007f110d596000)]
  0x00007f111406c000 JavaThread "Finalizer" daemon [_thread_blocked, id=7504, stack(0x00007f110dc78000,0x00007f110dd79000)]
  0x00007f111406a000 JavaThread "Reference Handler" daemon [_thread_blocked, id=7503, stack(0x00007f110dd79000,0x00007f110de7a000)]
  0x00007f111400a000 JavaThread "main" [_thread_blocked, id=7499, stack(0x00007f111b365000,0x00007f111b466000)]

Other Threads:
=>0x00007f1114065800 VMThread [stack: 0x00007f110de7a000,0x00007f110df7b000] [id=7502]
  0x00007f111409f000 WatcherThread [stack: 0x00007f110d091000,0x00007f110d192000] [id=7509]

VM state:at safepoint (normal execution)

VM Mutex/Monitor currently owned by a thread:  ([mutex/lock_event])
[0x00007f1114006610] Threads_lock - owner thread: 0x00007f1114065800
[0x00007f1114006b10] Heap_lock - owner thread: 0x00007f1114144000

Heap
 PSYoungGen      total 68096K, used 2553K [0x00000000eaa80000, 0x00000000eef80000, 0x0000000100000000)
  eden space 65536K, 0% used [0x00000000eaa80000,0x00000000eaa80000,0x00000000eea80000)
  from space 2560K, 99% used [0x00000000eea80000,0x00000000eecfe468,0x00000000eed00000)
  to   space 2560K, 0% used [0x00000000eed00000,0x00000000eed00000,0x00000000eef80000)
 ParOldGen       total 41984K, used 23769K [0x00000000c0000000, 0x00000000c2900000, 0x00000000eaa80000)
  object space 41984K, 56% used [0x00000000c0000000,0x00000000c17367e8,0x00000000c2900000)
 PSPermGen       total 21504K, used 5930K [0x00000000bae00000, 0x00000000bc300000, 0x00000000c0000000)
  object space 21504K, 27% used [0x00000000bae00000,0x00000000bb3ca880,0x00000000bc300000)

Card table byte_map: [0x00007f111842a000,0x00007f1118654000] byte_map_base: 0x00007f1117e53000

Polling page: 0x00007f111b484000

Code Cache  [0x00007f1111000000, 0x00007f1111270000, 0x00007f1114000000)
 total_blobs=500 nmethods=271 adapters=183 free_code_cache=48039Kb largest_free_block=49147584

Compilation events (10 events):
Event: 21,914 Thread 0x00007f1114092000 nmethod 271 0x00007f11110ef1d0 code [0x00007f11110ef300, 0x00007f11110ef358]
Event: 21,914 Thread 0x00007f1114092000  272             com.android.dx.util.FixedSizeList::hashCode (8 bytes)
Event: 21,952 Thread 0x00007f1114092000 nmethod 272 0x00007f111110f350 code [0x00007f111110f4a0, 0x00007f111110f618]
Event: 21,952 Thread 0x00007f1114092000  273             com.android.dx.ssa.SsaBasicBlock::forEachInsn (37 bytes)
Event: 22,374 Thread 0x00007f1114092000 nmethod 273 0x00007f11110acd50 code [0x00007f11110ad080, 0x00007f11110ae2a0]
Event: 22,374 Thread 0x00007f1114092000  274             com.android.dx.util.LabeledList::set (45 bytes)
Event: 22,405 Thread 0x00007f1114092000 nmethod 274 0x00007f11110ac690 code [0x00007f11110ac820, 0x00007f11110aca78]
Event: 22,405 Thread 0x00007f1114092000  275             com.android.dx.rop.cst.CstNat::getName (5 bytes)
Event: 22,405 Thread 0x00007f1114092000 nmethod 275 0x00007f11110ff090 code [0x00007f11110ff1c0, 0x00007f11110ff218]
Event: 22,405 Thread 0x00007f1114092000  276   !         com.android.dx.cf.code.Ropper::processBlock (1101 bytes)

GC Heap History (9 events):
Event: 4,546 GC heap before
{Heap before GC invocations=1 (full 0):
 PSYoungGen      total 18944K, used 16384K [0x00000000eaa80000, 0x00000000ebf80000, 0x0000000100000000)
  eden space 16384K, 100% used [0x00000000eaa80000,0x00000000eba80000,0x00000000eba80000)
  from space 2560K, 0% used [0x00000000ebd00000,0x00000000ebd00000,0x00000000ebf80000)
  to   space 2560K, 0% used [0x00000000eba80000,0x00000000eba80000,0x00000000ebd00000)
 ParOldGen       total 41984K, used 0K [0x00000000c0000000, 0x00000000c2900000, 0x00000000eaa80000)
  object space 41984K, 0% used [0x00000000c0000000,0x00000000c0000000,0x00000000c2900000)
 PSPermGen       total 21504K, used 5499K [0x00000000bae00000, 0x00000000bc300000, 0x00000000c0000000)
  object space 21504K, 25% used [0x00000000bae00000,0x00000000bb35ef70,0x00000000bc300000)
Event: 4,597 GC heap after
Heap after GC invocations=1 (full 0):
 PSYoungGen      total 18944K, used 2552K [0x00000000eaa80000, 0x00000000ecf80000, 0x0000000100000000)
  eden space 16384K, 0% used [0x00000000eaa80000,0x00000000eaa80000,0x00000000eba80000)
  from space 2560K, 99% used [0x00000000eba80000,0x00000000ebcfe0d8,0x00000000ebd00000)
  to   space 2560K, 0% used [0x00000000ecd00000,0x00000000ecd00000,0x00000000ecf80000)
 ParOldGen       total 41984K, used 697K [0x00000000c0000000, 0x00000000c2900000, 0x00000000eaa80000)
  object space 41984K, 1% used [0x00000000c0000000,0x00000000c00ae4d0,0x00000000c2900000)
 PSPermGen       total 21504K, used 5499K [0x00000000bae00000, 0x00000000bc300000, 0x00000000c0000000)
  object space 21504K, 25% used [0x00000000bae00000,0x00000000bb35ef70,0x00000000bc300000)
}
Event: 7,543 GC heap before
{Heap before GC invocations=2 (full 0):
 PSYoungGen      total 18944K, used 18936K [0x00000000eaa80000, 0x00000000ecf80000, 0x0000000100000000)
  eden space 16384K, 100% used [0x00000000eaa80000,0x00000000eba80000,0x00000000eba80000)
  from space 2560K, 99% used [0x00000000eba80000,0x00000000ebcfe0d8,0x00000000ebd00000)
  to   space 2560K, 0% used [0x00000000ecd00000,0x00000000ecd00000,0x00000000ecf80000)
 ParOldGen       total 41984K, used 697K [0x00000000c0000000, 0x00000000c2900000, 0x00000000eaa80000)
  object space 41984K, 1% used [0x00000000c0000000,0x00000000c00ae4d0,0x00000000c2900000)
 PSPermGen       total 21504K, used 5734K [0x00000000bae00000, 0x00000000bc300000, 0x00000000c0000000)
  object space 21504K, 26% used [0x00000000bae00000,0x00000000bb399b70,0x00000000bc300000)
Event: 7,631 GC heap after
Heap after GC invocations=2 (full 0):
 PSYoungGen      total 35328K, used 2536K [0x00000000eaa80000, 0x00000000ecf80000, 0x0000000100000000)
  eden space 32768K, 0% used [0x00000000eaa80000,0x00000000eaa80000,0x00000000eca80000)
  from space 2560K, 99% used [0x00000000ecd00000,0x00000000ecf7a1c0,0x00000000ecf80000)
  to   space 2560K, 0% used [0x00000000eca80000,0x00000000eca80000,0x00000000ecd00000)
 ParOldGen       total 41984K, used 2621K [0x00000000c0000000, 0x00000000c2900000, 0x00000000eaa80000)
  object space 41984K, 6% used [0x00000000c0000000,0x00000000c028f660,0x00000000c2900000)
 PSPermGen       total 21504K, used 5734K [0x00000000bae00000, 0x00000000bc300000, 0x00000000c0000000)
  object space 21504K, 26% used [0x00000000bae00000,0x00000000bb399b70,0x00000000bc300000)
}
Event: 13,377 GC heap before
{Heap before GC invocations=3 (full 0):
 PSYoungGen      total 35328K, used 35304K [0x00000000eaa80000, 0x00000000ecf80000, 0x0000000100000000)
  eden space 32768K, 100% used [0x00000000eaa80000,0x00000000eca80000,0x00000000eca80000)
  from space 2560K, 99% used [0x00000000ecd00000,0x00000000ecf7a1c0,0x00000000ecf80000)
  to   space 2560K, 0% used [0x00000000eca80000,0x00000000eca80000,0x00000000ecd00000)
 ParOldGen       total 41984K, used 2621K [0x00000000c0000000, 0x00000000c2900000, 0x00000000eaa80000)
  object space 41984K, 6% used [0x00000000c0000000,0x00000000c028f660,0x00000000c2900000)
 PSPermGen       total 21504K, used 5845K [0x00000000bae00000, 0x00000000bc300000, 0x00000000c0000000)
  object space 21504K, 27% used [0x00000000bae00000,0x00000000bb3b5598,0x00000000bc300000)
Event: 13,474 GC heap after
Heap after GC invocations=3 (full 0):
 PSYoungGen      total 35328K, used 2537K [0x00000000eaa80000, 0x00000000eef80000, 0x0000000100000000)
  eden space 32768K, 0% used [0x00000000eaa80000,0x00000000eaa80000,0x00000000eca80000)
  from space 2560K, 99% used [0x00000000eca80000,0x00000000eccfa480,0x00000000ecd00000)
  to   space 2560K, 0% used [0x00000000eed00000,0x00000000eed00000,0x00000000eef80000)
 ParOldGen       total 41984K, used 7807K [0x00000000c0000000, 0x00000000c2900000, 0x00000000eaa80000)
  object space 41984K, 18% used [0x00000000c0000000,0x00000000c079fc08,0x00000000c2900000)
 PSPermGen       total 21504K, used 5845K [0x00000000bae00000, 0x00000000bc300000, 0x00000000c0000000)
  object space 21504K, 27% used [0x00000000bae00000,0x00000000bb3b5598,0x00000000bc300000)
}
Event: 17,644 GC heap before
{Heap before GC invocations=4 (full 0):
 PSYoungGen      total 35328K, used 35305K [0x00000000eaa80000, 0x00000000eef80000, 0x0000000100000000)
  eden space 32768K, 100% used [0x00000000eaa80000,0x00000000eca80000,0x00000000eca80000)
  from space 2560K, 99% used [0x00000000eca80000,0x00000000eccfa480,0x00000000ecd00000)
  to   space 2560K, 0% used [0x00000000eed00000,0x00000000eed00000,0x00000000eef80000)
 ParOldGen       total 41984K, used 7807K [0x00000000c0000000, 0x00000000c2900000, 0x00000000eaa80000)
  object space 41984K, 18% used [0x00000000c0000000,0x00000000c079fc08,0x00000000c2900000)
 PSPermGen       total 21504K, used 5875K [0x00000000bae00000, 0x00000000bc300000, 0x00000000c0000000)
  object space 21504K, 27% used [0x00000000bae00000,0x00000000bb3bce40,0x00000000bc300000)
Event: 17,928 GC heap after
Heap after GC invocations=4 (full 0):
 PSYoungGen      total 68096K, used 2535K [0x00000000eaa80000, 0x00000000eef80000, 0x0000000100000000)
  eden space 65536K, 0% used [0x00000000eaa80000,0x00000000eaa80000,0x00000000eea80000)
  from space 2560K, 99% used [0x00000000eed00000,0x00000000eef79d18,0x00000000eef80000)
  to   space 2560K, 0% used [0x00000000eea80000,0x00000000eea80000,0x00000000eed00000)
 ParOldGen       total 41984K, used 13114K [0x00000000c0000000, 0x00000000c2900000, 0x00000000eaa80000)
  object space 41984K, 31% used [0x00000000c0000000,0x00000000c0cce990,0x00000000c2900000)
 PSPermGen       total 21504K, used 5875K [0x00000000bae00000, 0x00000000bc300000, 0x00000000c0000000)
  object space 21504K, 27% used [0x00000000bae00000,0x00000000bb3bce40,0x00000000bc300000)
}
Event: 26,166 GC heap before
{Heap before GC invocations=5 (full 0):
 PSYoungGen      total 68096K, used 68071K [0x00000000eaa80000, 0x00000000eef80000, 0x0000000100000000)
  eden space 65536K, 100% used [0x00000000eaa80000,0x00000000eea80000,0x00000000eea80000)
  from space 2560K, 99% used [0x00000000eed00000,0x00000000eef79d18,0x00000000eef80000)
  to   space 2560K, 0% used [0x00000000eea80000,0x00000000eea80000,0x00000000eed00000)
 ParOldGen       total 41984K, used 13114K [0x00000000c0000000, 0x00000000c2900000, 0x00000000eaa80000)
  object space 41984K, 31% used [0x00000000c0000000,0x00000000c0cce990,0x00000000c2900000)
 PSPermGen       total 21504K, used 5930K [0x00000000bae00000, 0x00000000bc300000, 0x00000000c0000000)
  object space 21504K, 27% used [0x00000000bae00000,0x00000000bb3ca880,0x00000000bc300000)

Deoptimization events (10 events):
Event: 8,254 Thread 0x00007f1114145800 Uncommon trap: reason=null_check action=make_not_entrant pc=0x00007f11110ac1a8 method=com.android.dx.ssa.SsaRenamer.getLocalForNewReg(I)Lcom/android/dx/rop/code/LocalItem; @ 19
Event: 9,555 Thread 0x00007f111400a000 Uncommon trap: reason=unstable_if action=reinterpret pc=0x00007f111107ae44 method=com.android.dx.rop.cst.Constant.compareTo(Lcom/android/dx/rop/cst/Constant;)I @ 12
Event: 11,722 Thread 0x00007f111400a000 Uncommon trap: reason=null_check action=make_not_entrant pc=0x00007f11110de970 method=com.android.dx.rop.type.Type.putIntern(Lcom/android/dx/rop/type/Type;)Lcom/android/dx/rop/type/Type; @ 18
Event: 11,865 Thread 0x00007f1114143000 Uncommon trap: reason=null_check action=make_not_entrant pc=0x00007f11110b4ce0 method=com.android.dx.ssa.SsaRenamer.getLocalForNewReg(I)Lcom/android/dx/rop/code/LocalItem; @ 19
Event: 13,534 Thread 0x00007f1114143000 Uncommon trap: reason=unstable_if action=reinterpret pc=0x00007f11110e5bb4 method=com.android.dx.ssa.Dominators.run()V @ 346
Event: 16,737 Thread 0x00007f1114145800 Uncommon trap: reason=unstable_if action=reinterpret pc=0x00007f11110f1774 method=com.android.dx.util.IntList.binarysearch(I)I @ 105
Event: 16,738 Thread 0x00007f1114145800 Uncommon trap: reason=unstable_if action=reinterpret pc=0x00007f1111097874 method=com.android.dx.util.IntList.binarysearch(I)I @ 105
Event: 19,070 Thread 0x00007f1114144000 Uncommon trap: reason=unstable_if action=reinterpret pc=0x00007f11110f82e8 method=com.android.dx.ssa.SCCP.simulateBranch(Lcom/android/dx/ssa/SsaInsn;)V @ 64
Event: 19,071 Thread 0x00007f1114144000 Uncommon trap: reason=unstable_if action=reinterpret pc=0x00007f11110f374c method=com.android.dx.ssa.SsaMethod.updateOneDefinition(Lcom/android/dx/ssa/SsaInsn;Lcom/android/dx/rop/code/RegisterSpec;)V @ 4
Event: 24,846 Thread 0x00007f1114145800 Uncommon trap: reason=unstable_if action=reinterpret pc=0x00007f11110d28ac method=com.android.dx.rop.code.RegisterSpecSet.localItemToSpec(Lcom/android/dx/rop/code/LocalItem;)Lcom/android/dx/rop/code/RegisterSpec; @ 35

Internal exceptions (10 events):
Event: 5,050 Thread 0x00007f1114144000 Threw 0x00000000eaca7880 at /HUDSON/workspace/7u-2-build-linux-amd64/jdk7u80/2329/hotspot/src/share/vm/prims/jvm.cpp:1319
Event: 5,355 Thread 0x00007f111400a000 Implicit null exception at 0x00007f1111080022 to 0x00007f11110801b1
Event: 6,012 Thread 0x00007f1114143000 Threw 0x00000000eb0d48d0 at /HUDSON/workspace/7u-2-build-linux-amd64/jdk7u80/2329/hotspot/src/share/vm/prims/jvm.cpp:1319
Event: 6,441 Thread 0x00007f1114145800 Threw 0x00000000eb2ba408 at /HUDSON/workspace/7u-2-build-linux-amd64/jdk7u80/2329/hotspot/src/share/vm/prims/jvm.cpp:1319
Event: 8,254 Thread 0x00007f1114145800 Implicit null exception at 0x00007f11110aaa7c to 0x00007f11110ac18d
Event: 11,722 Thread 0x00007f111400a000 Implicit null exception at 0x00007f11110de2ab to 0x00007f11110de961
Event: 11,865 Thread 0x00007f1114143000 Implicit null exception at 0x00007f11110b4456 to 0x00007f11110b4cc9
Event: 11,965 Thread 0x00007f111400a000 Threw 0x00000000ebffcb30 at /HUDSON/workspace/7u-2-build-linux-amd64/jdk7u80/2329/hotspot/src/share/vm/prims/jvm.cpp:1319
Event: 19,070 Thread 0x00007f1114144000 Threw 0x00000000eb4e6190 at /HUDSON/workspace/7u-2-build-linux-amd64/jdk7u80/2329/hotspot/src/share/vm/prims/jvm.cpp:1319
Event: 19,358 Thread 0x00007f111400a000 Threw 0x00000000eb65dda8 at /HUDSON/workspace/7u-2-build-linux-amd64/jdk7u80/2329/hotspot/src/share/vm/prims/jvm.cpp:1319

Events (10 events):
Event: 19,071 Thread 0x00007f1114144000 Uncommon trap: trap_request=0xffffff75 fr.pc=0x00007f11110f374c
Event: 19,071 Thread 0x00007f1114144000 DEOPT PACKING pc=0x00007f11110f374c sp=0x00007f110c929e70
Event: 19,071 Thread 0x00007f1114144000 DEOPT UNPACKING pc=0x00007f1111039045 sp=0x00007f110c929e38 mode 2
Event: 19,358 loading class 0x0000000001943f40
Event: 19,358 loading class 0x0000000001943f40 done
Event: 21,676 Thread 0x00007f1114092000 flushing nmethod 0x00007f11110aa3d0
Event: 24,846 Thread 0x00007f1114145800 Uncommon trap: trap_request=0xffffff75 fr.pc=0x00007f11110d28ac
Event: 24,846 Thread 0x00007f1114145800 DEOPT PACKING pc=0x00007f11110d28ac sp=0x00007f110c829140
Event: 24,846 Thread 0x00007f1114145800 DEOPT UNPACKING pc=0x00007f1111039045 sp=0x00007f110c829098 mode 2
Event: 26,128 Executing VM operation: ParallelGCFailedAllocation


Dynamic libraries:
00400000-00401000 r-xp 00000000 08:07 565703                             /usr/lib/jvm/java-7-oracle/bin/java
00600000-00601000 rw-p 00000000 08:07 565703                             /usr/lib/jvm/java-7-oracle/bin/java
0193d000-0195e000 rw-p 00000000 00:00 0                                  [heap]
bae00000-bc300000 rw-p 00000000 00:00 0 
bc300000-c0000000 rw-p 00000000 00:00 0 
c0000000-c2900000 rw-p 00000000 00:00 0 
c2900000-eaa80000 rw-p 00000000 00:00 0 
eaa80000-eef80000 rw-p 00000000 00:00 0 
f4680000-100000000 rw-p 00000000 00:00 0 
7f10d0000000-7f10d0021000 rw-p 00000000 00:00 0 
7f10d0021000-7f10d4000000 ---p 00000000 00:00 0 
7f10d8000000-7f10d8021000 rw-p 00000000 00:00 0 
7f10d8021000-7f10dc000000 ---p 00000000 00:00 0 
7f10dc000000-7f10dc021000 rw-p 00000000 00:00 0 
7f10dc021000-7f10e0000000 ---p 00000000 00:00 0 
7f10e0000000-7f10e0021000 rw-p 00000000 00:00 0 
7f10e0021000-7f10e4000000 ---p 00000000 00:00 0 
7f10e4000000-7f10e4021000 rw-p 00000000 00:00 0 
7f10e4021000-7f10e8000000 ---p 00000000 00:00 0 
7f10e8000000-7f10e950d000 rw-p 00000000 00:00 0 
7f10e950d000-7f10ec000000 ---p 00000000 00:00 0 
7f10ec000000-7f10ec021000 rw-p 00000000 00:00 0 
7f10ec021000-7f10f0000000 ---p 00000000 00:00 0 
7f10f0000000-7f10f0021000 rw-p 00000000 00:00 0 
7f10f0021000-7f10f4000000 ---p 00000000 00:00 0 
7f10f4000000-7f10f5647000 rw-p 00000000 00:00 0 
7f10f5647000-7f10f8000000 ---p 00000000 00:00 0 
7f10f8000000-7f10f8021000 rw-p 00000000 00:00 0 
7f10f8021000-7f10fc000000 ---p 00000000 00:00 0 
7f10fc000000-7f10fc021000 rw-p 00000000 00:00 0 
7f10fc021000-7f1100000000 ---p 00000000 00:00 0 
7f1100000000-7f1100021000 rw-p 00000000 00:00 0 
7f1100021000-7f1104000000 ---p 00000000 00:00 0 
7f1104000000-7f1104251000 rw-p 00000000 00:00 0 
7f1104251000-7f1108000000 ---p 00000000 00:00 0 
7f1108000000-7f1108021000 rw-p 00000000 00:00 0 
7f1108021000-7f110c000000 ---p 00000000 00:00 0 
7f110c704000-7f110c72a000 r--p 00000000 08:07 539561                     /usr/share/locale-langpack/es/LC_MESSAGES/libc.mo
7f110c72a000-7f110c72d000 ---p 00000000 00:00 0 
7f110c72d000-7f110c82b000 rw-p 00000000 00:00 0 
7f110c82b000-7f110c82e000 ---p 00000000 00:00 0 
7f110c82e000-7f110c92c000 rw-p 00000000 00:00 0 
7f110c92c000-7f110c92f000 ---p 00000000 00:00 0 
7f110c92f000-7f110ca2d000 rw-p 00000000 00:00 0 
7f110ca2d000-7f110ca30000 ---p 00000000 00:00 0 
7f110ca30000-7f110cb2e000 rw-p 00000000 00:00 0 
7f110cb2e000-7f110cb31000 ---p 00000000 00:00 0 
7f110cb31000-7f110cc60000 rw-p 00000000 00:00 0 
7f110cc60000-7f110cc77000 r-xp 00000000 08:07 566287                     /usr/lib/jvm/java-7-oracle/jre/lib/amd64/libnet.so
7f110cc77000-7f110ce76000 ---p 00017000 08:07 566287                     /usr/lib/jvm/java-7-oracle/jre/lib/amd64/libnet.so
7f110ce76000-7f110ce77000 rw-p 00016000 08:07 566287                     /usr/lib/jvm/java-7-oracle/jre/lib/amd64/libnet.so
7f110ce77000-7f110ce87000 r-xp 00000000 08:07 566265                     /usr/lib/jvm/java-7-oracle/jre/lib/amd64/libnio.so
7f110ce87000-7f110d087000 ---p 00010000 08:07 566265                     /usr/lib/jvm/java-7-oracle/jre/lib/amd64/libnio.so
7f110d087000-7f110d088000 rw-p 00010000 08:07 566265                     /usr/lib/jvm/java-7-oracle/jre/lib/amd64/libnio.so
7f110d088000-7f110d091000 r--s 0008c000 08:08 1701617                    /home/coper/AndroidStudioProjects/RGGame/app/build/intermediates/exploded-aar/com.android.support/appcompat-v7/23.4.0/jars/classes.jar
7f110d091000-7f110d092000 ---p 00000000 00:00 0 
7f110d092000-7f110d192000 rw-p 00000000 00:00 0 
7f110d192000-7f110d195000 ---p 00000000 00:00 0 
7f110d195000-7f110d293000 rw-p 00000000 00:00 0 
7f110d293000-7f110d296000 ---p 00000000 00:00 0 
7f110d296000-7f110d394000 rw-p 00000000 00:00 0 
7f110d394000-7f110d397000 ---p 00000000 00:00 0 
7f110d397000-7f110d495000 rw-p 00000000 00:00 0 
7f110d495000-7f110d498000 ---p 00000000 00:00 0 
7f110d498000-7f110d596000 rw-p 00000000 00:00 0 
7f110d596000-7f110dc78000 r--p 00000000 08:07 269858                     /usr/lib/locale/locale-archive
7f110dc78000-7f110dc7b000 ---p 00000000 00:00 0 
7f110dc7b000-7f110dd79000 rw-p 00000000 00:00 0 
7f110dd79000-7f110dd7c000 ---p 00000000 00:00 0 
7f110dd7c000-7f110de7a000 rw-p 00000000 00:00 0 
7f110de7a000-7f110de7b000 ---p 00000000 00:00 0 
7f110de7b000-7f110e911000 rw-p 00000000 00:00 0 
7f110e911000-7f110ead1000 r--s 039fb000 08:07 566489                     /usr/lib/jvm/java-7-oracle/jre/lib/rt.jar
7f110ead1000-7f1111000000 rw-p 00000000 00:00 0 
7f1111000000-7f1111270000 rwxp 00000000 00:00 0 
7f1111270000-7f1114192000 rw-p 00000000 00:00 0 
7f1114192000-7f1118000000 ---p 00000000 00:00 0 
7f1118005000-7f11180a9000 rw-p 00000000 00:00 0 
7f11180a9000-7f11180aa000 ---p 00000000 00:00 0 
7f11180aa000-7f11181aa000 rw-p 00000000 00:00 0 
7f11181aa000-7f11181ab000 ---p 00000000 00:00 0 
7f11181ab000-7f11182b6000 rw-p 00000000 00:00 0 
7f11182b6000-7f11182d4000 rw-p 00000000 00:00 0 
7f11182d4000-7f11182e9000 rw-p 00000000 00:00 0 
7f11182e9000-7f111842a000 rw-p 00000000 00:00 0 
7f111842a000-7f1118435000 rw-p 00000000 00:00 0 
7f1118435000-7f1118453000 rw-p 00000000 00:00 0 
7f1118453000-7f1118468000 rw-p 00000000 00:00 0 
7f1118468000-7f11185a8000 rw-p 00000000 00:00 0 
7f11185a8000-7f11185cb000 rw-p 00000000 00:00 0 
7f11185cb000-7f1118653000 rw-p 00000000 00:00 0 
7f1118653000-7f1118654000 rw-p 00000000 00:00 0 
7f1118654000-7f111866b000 r-xp 00000000 08:07 566272                     /usr/lib/jvm/java-7-oracle/jre/lib/amd64/libzip.so
7f111866b000-7f111886b000 ---p 00017000 08:07 566272                     /usr/lib/jvm/java-7-oracle/jre/lib/amd64/libzip.so
7f111886b000-7f111886c000 rw-p 00017000 08:07 566272                     /usr/lib/jvm/java-7-oracle/jre/lib/amd64/libzip.so
7f111886c000-7f1118877000 r-xp 00000000 08:07 1051536                    /lib/x86_64-linux-gnu/libnss_files-2.19.so
7f1118877000-7f1118a76000 ---p 0000b000 08:07 1051536                    /lib/x86_64-linux-gnu/libnss_files-2.19.so
7f1118a76000-7f1118a77000 r--p 0000a000 08:07 1051536                    /lib/x86_64-linux-gnu/libnss_files-2.19.so
7f1118a77000-7f1118a78000 rw-p 0000b000 08:07 1051536                    /lib/x86_64-linux-gnu/libnss_files-2.19.so
7f1118a78000-7f1118a83000 r-xp 00000000 08:07 1051546                    /lib/x86_64-linux-gnu/libnss_nis-2.19.so
7f1118a83000-7f1118c82000 ---p 0000b000 08:07 1051546                    /lib/x86_64-linux-gnu/libnss_nis-2.19.so
7f1118c82000-7f1118c83000 r--p 0000a000 08:07 1051546                    /lib/x86_64-linux-gnu/libnss_nis-2.19.so
7f1118c83000-7f1118c84000 rw-p 0000b000 08:07 1051546                    /lib/x86_64-linux-gnu/libnss_nis-2.19.so
7f1118c84000-7f1118c9b000 r-xp 00000000 08:07 1051530                    /lib/x86_64-linux-gnu/libnsl-2.19.so
7f1118c9b000-7f1118e9a000 ---p 00017000 08:07 1051530                    /lib/x86_64-linux-gnu/libnsl-2.19.so
7f1118e9a000-7f1118e9b000 r--p 00016000 08:07 1051530                    /lib/x86_64-linux-gnu/libnsl-2.19.so
7f1118e9b000-7f1118e9c000 rw-p 00017000 08:07 1051530                    /lib/x86_64-linux-gnu/libnsl-2.19.so
7f1118e9c000-7f1118e9e000 rw-p 00000000 00:00 0 
7f1118e9e000-7f1118ea7000 r-xp 00000000 08:07 1051532                    /lib/x86_64-linux-gnu/libnss_compat-2.19.so
7f1118ea7000-7f11190a6000 ---p 00009000 08:07 1051532                    /lib/x86_64-linux-gnu/libnss_compat-2.19.so
7f11190a6000-7f11190a7000 r--p 00008000 08:07 1051532                    /lib/x86_64-linux-gnu/libnss_compat-2.19.so
7f11190a7000-7f11190a8000 rw-p 00009000 08:07 1051532                    /lib/x86_64-linux-gnu/libnss_compat-2.19.so
7f11190a8000-7f11190d1000 r-xp 00000000 08:07 566268                     /usr/lib/jvm/java-7-oracle/jre/lib/amd64/libjava.so
7f11190d1000-7f11192d1000 ---p 00029000 08:07 566268                     /usr/lib/jvm/java-7-oracle/jre/lib/amd64/libjava.so
7f11192d1000-7f11192d3000 rw-p 00029000 08:07 566268                     /usr/lib/jvm/java-7-oracle/jre/lib/amd64/libjava.so
7f11192d3000-7f11192e0000 r-xp 00000000 08:07 566280                     /usr/lib/jvm/java-7-oracle/jre/lib/amd64/libverify.so
7f11192e0000-7f11194df000 ---p 0000d000 08:07 566280                     /usr/lib/jvm/java-7-oracle/jre/lib/amd64/libverify.so
7f11194df000-7f11194e1000 rw-p 0000c000 08:07 566280                     /usr/lib/jvm/java-7-oracle/jre/lib/amd64/libverify.so
7f11194e1000-7f11194e8000 r-xp 00000000 08:07 1051589                    /lib/x86_64-linux-gnu/librt-2.19.so
7f11194e8000-7f11196e7000 ---p 00007000 08:07 1051589                    /lib/x86_64-linux-gnu/librt-2.19.so
7f11196e7000-7f11196e8000 r--p 00006000 08:07 1051589                    /lib/x86_64-linux-gnu/librt-2.19.so
7f11196e8000-7f11196e9000 rw-p 00007000 08:07 1051589                    /lib/x86_64-linux-gnu/librt-2.19.so
7f11196e9000-7f11197ee000 r-xp 00000000 08:07 1051511                    /lib/x86_64-linux-gnu/libm-2.19.so
7f11197ee000-7f11199ed000 ---p 00105000 08:07 1051511                    /lib/x86_64-linux-gnu/libm-2.19.so
7f11199ed000-7f11199ee000 r--p 00104000 08:07 1051511                    /lib/x86_64-linux-gnu/libm-2.19.so
7f11199ee000-7f11199ef000 rw-p 00105000 08:07 1051511                    /lib/x86_64-linux-gnu/libm-2.19.so
7f11199ef000-7f111a565000 r-xp 00000000 08:07 566264                     /usr/lib/jvm/java-7-oracle/jre/lib/amd64/server/libjvm.so
7f111a565000-7f111a764000 ---p 00b76000 08:07 566264                     /usr/lib/jvm/java-7-oracle/jre/lib/amd64/server/libjvm.so
7f111a764000-7f111a828000 rw-p 00b75000 08:07 566264                     /usr/lib/jvm/java-7-oracle/jre/lib/amd64/server/libjvm.so
7f111a828000-7f111a869000 rw-p 00000000 00:00 0 
7f111a869000-7f111aa24000 r-xp 00000000 08:07 1051461                    /lib/x86_64-linux-gnu/libc-2.19.so
7f111aa24000-7f111ac23000 ---p 001bb000 08:07 1051461                    /lib/x86_64-linux-gnu/libc-2.19.so
7f111ac23000-7f111ac27000 r--p 001ba000 08:07 1051461                    /lib/x86_64-linux-gnu/libc-2.19.so
7f111ac27000-7f111ac29000 rw-p 001be000 08:07 1051461                    /lib/x86_64-linux-gnu/libc-2.19.so
7f111ac29000-7f111ac2e000 rw-p 00000000 00:00 0 
7f111ac2e000-7f111ac31000 r-xp 00000000 08:07 1051478                    /lib/x86_64-linux-gnu/libdl-2.19.so
7f111ac31000-7f111ae30000 ---p 00003000 08:07 1051478                    /lib/x86_64-linux-gnu/libdl-2.19.so
7f111ae30000-7f111ae31000 r--p 00002000 08:07 1051478                    /lib/x86_64-linux-gnu/libdl-2.19.so
7f111ae31000-7f111ae32000 rw-p 00003000 08:07 1051478                    /lib/x86_64-linux-gnu/libdl-2.19.so
7f111ae32000-7f111ae47000 r-xp 00000000 08:07 307333                     /usr/lib/jvm/java-7-oracle/lib/amd64/jli/libjli.so
7f111ae47000-7f111b046000 ---p 00015000 08:07 307333                     /usr/lib/jvm/java-7-oracle/lib/amd64/jli/libjli.so
7f111b046000-7f111b047000 rw-p 00014000 08:07 307333                     /usr/lib/jvm/java-7-oracle/lib/amd64/jli/libjli.so
7f111b047000-7f111b060000 r-xp 00000000 08:07 1051581                    /lib/x86_64-linux-gnu/libpthread-2.19.so
7f111b060000-7f111b25f000 ---p 00019000 08:07 1051581                    /lib/x86_64-linux-gnu/libpthread-2.19.so
7f111b25f000-7f111b260000 r--p 00018000 08:07 1051581                    /lib/x86_64-linux-gnu/libpthread-2.19.so
7f111b260000-7f111b261000 rw-p 00019000 08:07 1051581                    /lib/x86_64-linux-gnu/libpthread-2.19.so
7f111b261000-7f111b265000 rw-p 00000000 00:00 0 
7f111b265000-7f111b288000 r-xp 00000000 08:07 1051437                    /lib/x86_64-linux-gnu/ld-2.19.so
7f111b288000-7f111b28f000 r--s 00000000 08:07 524118                     /usr/lib/x86_64-linux-gnu/gconv/gconv-modules.cache
7f111b28f000-7f111b2af000 rw-p 00000000 00:00 0 
7f111b2af000-7f111b365000 rw-p 00000000 00:00 0 
7f111b365000-7f111b368000 ---p 00000000 00:00 0 
7f111b368000-7f111b46a000 rw-p 00000000 00:00 0 
7f111b46b000-7f111b46c000 rw-p 00000000 00:00 0 
7f111b46c000-7f111b47b000 r--s 000df000 08:08 1051566                    /home/coper/Android/Sdk/build-tools/23.0.3/lib/dx.jar
7f111b47b000-7f111b483000 rw-s 00000000 08:07 995788                     /tmp/hsperfdata_coper/7495
7f111b483000-7f111b484000 rw-p 00000000 00:00 0 
7f111b484000-7f111b485000 ---p 00000000 00:00 0 
7f111b485000-7f111b487000 rw-p 00000000 00:00 0 
7f111b487000-7f111b488000 r--p 00022000 08:07 1051437                    /lib/x86_64-linux-gnu/ld-2.19.so
7f111b488000-7f111b489000 rw-p 00023000 08:07 1051437                    /lib/x86_64-linux-gnu/ld-2.19.so
7f111b489000-7f111b48a000 rw-p 00000000 00:00 0 
7ffd7c6c9000-7ffd7c6ea000 rw-p 00000000 00:00 0                          [stack]
7ffd7c708000-7ffd7c70a000 r--p 00000000 00:00 0                          [vvar]
7ffd7c70a000-7ffd7c70c000 r-xp 00000000 00:00 0                          [vdso]
ffffffffff600000-ffffffffff601000 r-xp 00000000 00:00 0                  [vsyscall]

VM Arguments:
jvm_args: -Djava.awt.headless=true -Xmx1024M -Dfile.encoding=UTF-8 -Duser.country=ES -Duser.language=es -Duser.variant 
java_command: com.android.dx.command.Main --dex --num-threads=4 --output /home/coper/AndroidStudioProjects/RGGame/app/build/intermediates/pre-dexed/debug/com.android.support-appcompat-v7-23.4.0_1aafe0f3eb01a1c8127d90ed55a376635f038078.jar /home/coper/AndroidStudioProjects/RGGame/app/build/intermediates/exploded-aar/com.android.support/appcompat-v7/23.4.0/jars/classes.jar
Launcher Type: SUN_STANDARD

Environment Variables:
PATH=/usr/local/sbin:/usr/local/bin:/usr/sbin:/usr/bin:/sbin:/bin:/usr/games:/usr/local/games
SHELL=/bin/bash
DISPLAY=:0

Signal Handlers:
SIGSEGV: [libjvm.so+0x9a3b20], sa_mask[0]=0x7ffbfeff, sa_flags=0x10000004
SIGBUS: [libjvm.so+0x9a3b20], sa_mask[0]=0x7ffbfeff, sa_flags=0x10000004
SIGFPE: [libjvm.so+0x81e740], sa_mask[0]=0x7ffbfeff, sa_flags=0x10000004
SIGPIPE: [libjvm.so+0x81e740], sa_mask[0]=0x7ffbfeff, sa_flags=0x10000004
SIGXFSZ: [libjvm.so+0x81e740], sa_mask[0]=0x7ffbfeff, sa_flags=0x10000004
SIGILL: [libjvm.so+0x81e740], sa_mask[0]=0x7ffbfeff, sa_flags=0x10000004
SIGUSR1: SIG_DFL, sa_mask[0]=0x00000000, sa_flags=0x00000000
SIGUSR2: [libjvm.so+0x81ffb0], sa_mask[0]=0x00000004, sa_flags=0x10000004
SIGHUP: [libjvm.so+0x8210d0], sa_mask[0]=0x7ffbfeff, sa_flags=0x10000004
SIGINT: [libjvm.so+0x8210d0], sa_mask[0]=0x7ffbfeff, sa_flags=0x10000004
SIGTERM: [libjvm.so+0x8210d0], sa_mask[0]=0x7ffbfeff, sa_flags=0x10000004
SIGQUIT: [libjvm.so+0x8210d0], sa_mask[0]=0x7ffbfeff, sa_flags=0x10000004


---------------  S Y S T E M  ---------------

OS:jessie/sid

uname:Linux 4.2.0-36-generic #41~14.04.1-Ubuntu SMP Tue Apr 19 17:03:32 UTC 2016 x86_64
libc:glibc 2.19 NPTL 2.19 
rlimit: STACK 8192k, CORE 0k, NPROC 15704, NOFILE 4096, AS infinity
load average:33,80 39,32 27,80

/proc/meminfo:
MemTotal:        4042424 kB
MemFree:           29676 kB
MemAvailable:      43476 kB
Buffers:             160 kB
Cached:            45916 kB
SwapCached:         2744 kB
Active:          2268140 kB
Inactive:         828532 kB
Active(anon):    2265840 kB
Inactive(anon):   826128 kB
Active(file):       2300 kB
Inactive(file):     2404 kB
Unevictable:        1932 kB
Mlocked:            1932 kB
SwapTotal:        999420 kB
SwapFree:              0 kB
Dirty:                12 kB
Writeback:             0 kB
AnonPages:       3050832 kB
Mapped:           721544 kB
Shmem:             41220 kB
Slab:              74484 kB
SReclaimable:      31256 kB
SUnreclaim:        43228 kB
KernelStack:       10544 kB
PageTables:        51276 kB
NFS_Unstable:          0 kB
Bounce:                0 kB
WritebackTmp:          0 kB
CommitLimit:     3020632 kB
Committed_AS:    9779432 kB
VmallocTotal:   34359738367 kB
VmallocUsed:      314388 kB
VmallocChunk:   34358947836 kB
HardwareCorrupted:     0 kB
AnonHugePages:   1015808 kB
CmaTotal:              0 kB
CmaFree:               0 kB
HugePages_Total:       0
HugePages_Free:        0
HugePages_Rsvd:        0
HugePages_Surp:        0
Hugepagesize:       2048 kB
DirectMap4k:     2295016 kB
DirectMap2M:     1894400 kB


CPU:total 2 (2 cores per cpu, 1 threads per core) family 6 model 23 stepping 10, cmov, cx8, fxsr, mmx, sse, sse2, sse3, ssse3, tsc

/proc/cpuinfo:
processor	: 0
vendor_id	: GenuineIntel
cpu family	: 6
model		: 23
model name	: Pentium(R) Dual-Core CPU       T4200  @ 2.00GHz
stepping	: 10
microcode	: 0xa07
cpu MHz		: 2000.000
cache size	: 1024 KB
physical id	: 0
siblings	: 2
core id		: 0
cpu cores	: 2
apicid		: 0
initial apicid	: 0
fpu		: yes
fpu_exception	: yes
cpuid level	: 13
wp		: yes
flags		: fpu vme de pse tsc msr pae mce cx8 apic sep mtrr pge mca cmov pat pse36 clflush dts acpi mmx fxsr sse sse2 ss ht tm pbe syscall nx lm constant_tsc arch_perfmon pebs bts rep_good nopl aperfmperf pni dtes64 monitor ds_cpl est tm2 ssse3 cx16 xtpr pdcm xsave lahf_lm dtherm
bugs		:
bogomips	: 3989.65
clflush size	: 64
cache_alignment	: 64
address sizes	: 36 bits physical, 48 bits virtual
power management:

processor	: 1
vendor_id	: GenuineIntel
cpu family	: 6
model		: 23
model name	: Pentium(R) Dual-Core CPU       T4200  @ 2.00GHz
stepping	: 10
microcode	: 0xa07
cpu MHz		: 2000.000
cache size	: 1024 KB
physical id	: 0
siblings	: 2
core id		: 1
cpu cores	: 2
apicid		: 1
initial apicid	: 1
fpu		: yes
fpu_exception	: yes
cpuid level	: 13
wp		: yes
flags		: fpu vme de pse tsc msr pae mce cx8 apic sep mtrr pge mca cmov pat pse36 clflush dts acpi mmx fxsr sse sse2 ss ht tm pbe syscall nx lm constant_tsc arch_perfmon pebs bts rep_good nopl aperfmperf pni dtes64 monitor ds_cpl est tm2 ssse3 cx16 xtpr pdcm xsave lahf_lm dtherm
bugs		:
bogomips	: 3989.65
clflush size	: 64
cache_alignment	: 64
address sizes	: 36 bits physical, 48 bits virtual
power management:



Memory: 4k page, physical 4042424k(28916k free), swap 999420k(0k free)

vm_info: Java HotSpot(TM) 64-Bit Server VM (24.80-b11) for linux-amd64 JRE (1.7.0_80-b15), built on Apr 10 2015 19:53:14 by "java_re" with gcc 4.3.0 20080428 (Red Hat 4.3.0-8)

time: Sat May 14 10:27:20 2016
elapsed time: 134 seconds

